<?xml version="1.0" encoding="UTF-8"?>
<!-- Generated by org.testng.reporters.JUnitXMLReporter -->
<testsuite hostname="BAVYSYAKI" name="Change Bill Dispatch Mode" tests="44" failures="0" timestamp="7 Nov 2014 04:05:15 GMT" time="19.756" errors="0">
  <testcase name="myTest" time="0.023" classname="tests.CLMSR.ChangeBillDispatchMode"/>
  <testcase name="myTest" time="1.188" classname="tests.CLMSR.ChangeBillDispatchMode"/>
  <testcase name="myTest" time="0.439" classname="tests.CLMSR.ChangeBillDispatchMode"/>
  <testcase name="myTest" time="0.435" classname="tests.CLMSR.ChangeBillDispatchMode"/>
  <testcase name="myTest" time="0.421" classname="tests.CLMSR.ChangeBillDispatchMode"/>
  <testcase name="myTest" time="0.429" classname="tests.CLMSR.ChangeBillDispatchMode"/>
  <testcase name="myTest" time="0.434" classname="tests.CLMSR.ChangeBillDispatchMode"/>
  <testcase name="myTest" time="0.429" classname="tests.CLMSR.ChangeBillDispatchMode"/>
  <testcase name="myTest" time="0.417" classname="tests.CLMSR.ChangeBillDispatchMode"/>
  <testcase name="myTest" time="0.424" classname="tests.CLMSR.ChangeBillDispatchMode"/>
  <testcase name="myTest" time="0.432" classname="tests.CLMSR.ChangeBillDispatchMode"/>
  <testcase name="myTest" time="0.444" classname="tests.CLMSR.ChangeBillDispatchMode"/>
  <testcase name="myTest" time="0.431" classname="tests.CLMSR.ChangeBillDispatchMode"/>
  <testcase name="myTest" time="0.42" classname="tests.CLMSR.ChangeBillDispatchMode"/>
  <testcase name="myTest" time="0.444" classname="tests.CLMSR.ChangeBillDispatchMode"/>
  <testcase name="myTest" time="0.415" classname="tests.CLMSR.ChangeBillDispatchMode"/>
  <testcase name="myTest" time="0.444" classname="tests.CLMSR.ChangeBillDispatchMode"/>
  <testcase name="myTest" time="0.458" classname="tests.CLMSR.ChangeBillDispatchMode"/>
  <testcase name="myTest" time="0.458" classname="tests.CLMSR.ChangeBillDispatchMode"/>
  <testcase name="myTest" time="0.442" classname="tests.CLMSR.ChangeBillDispatchMode"/>
  <testcase name="myTest" time="0.444" classname="tests.CLMSR.ChangeBillDispatchMode"/>
  <testcase name="myTest" time="0.449" classname="tests.CLMSR.ChangeBillDispatchMode"/>
  <testcase name="myTest" time="0.444" classname="tests.CLMSR.ChangeBillDispatchMode"/>
  <testcase name="myTest" time="0.438" classname="tests.CLMSR.ChangeBillDispatchMode"/>
  <testcase name="myTest" time="0.42" classname="tests.CLMSR.ChangeBillDispatchMode"/>
  <testcase name="myTest" time="0.417" classname="tests.CLMSR.ChangeBillDispatchMode"/>
  <testcase name="myTest" time="0.417" classname="tests.CLMSR.ChangeBillDispatchMode"/>
  <testcase name="myTest" time="0.411" classname="tests.CLMSR.ChangeBillDispatchMode"/>
  <testcase name="myTest" time="0.419" classname="tests.CLMSR.ChangeBillDispatchMode"/>
  <testcase name="myTest" time="0.427" classname="tests.CLMSR.ChangeBillDispatchMode"/>
  <testcase name="myTest" time="0.426" classname="tests.CLMSR.ChangeBillDispatchMode"/>
  <testcase name="myTest" time="0.417" classname="tests.CLMSR.ChangeBillDispatchMode"/>
  <testcase name="myTest" time="0.421" classname="tests.CLMSR.ChangeBillDispatchMode"/>
  <testcase name="myTest" time="0.421" classname="tests.CLMSR.ChangeBillDispatchMode"/>
  <testcase name="myTest" time="0.42" classname="tests.CLMSR.ChangeBillDispatchMode"/>
  <testcase name="myTest" time="0.423" classname="tests.CLMSR.ChangeBillDispatchMode"/>
  <testcase name="myTest" time="0.422" classname="tests.CLMSR.ChangeBillDispatchMode"/>
  <testcase name="myTest" time="0.413" classname="tests.CLMSR.ChangeBillDispatchMode"/>
  <testcase name="myTest" time="0.421" classname="tests.CLMSR.ChangeBillDispatchMode"/>
  <testcase name="myTest" time="0.428" classname="tests.CLMSR.ChangeBillDispatchMode"/>
  <testcase name="myTest" time="0.432" classname="tests.CLMSR.ChangeBillDispatchMode"/>
  <testcase name="myTest" time="0.425" classname="tests.CLMSR.ChangeBillDispatchMode"/>
  <testcase name="myTest" time="0.42" classname="tests.CLMSR.ChangeBillDispatchMode"/>
  <testcase name="myTest" time="0.415" classname="tests.CLMSR.ChangeBillDispatchMode"/>
</testsuite> <!-- Change Bill Dispatch Mode -->
