<?xml version="1.0" encoding="UTF-8"?>
<!-- Generated by org.testng.reporters.JUnitXMLReporter -->
<testsuite hostname="BAVYSYAKI" name="Change Bill Cycle" tests="32" failures="0" timestamp="7 Nov 2014 04:05:28 GMT" time="12.916" errors="0">
  <testcase name="myTest" time="0.003" classname="tests.CLMSR.ChangeBillCycle"/>
  <testcase name="myTest" time="0.617" classname="tests.CLMSR.ChangeBillCycle"/>
  <testcase name="myTest" time="0.416" classname="tests.CLMSR.ChangeBillCycle"/>
  <testcase name="myTest" time="0.412" classname="tests.CLMSR.ChangeBillCycle"/>
  <testcase name="myTest" time="0.406" classname="tests.CLMSR.ChangeBillCycle"/>
  <testcase name="myTest" time="0.414" classname="tests.CLMSR.ChangeBillCycle"/>
  <testcase name="myTest" time="0.41" classname="tests.CLMSR.ChangeBillCycle"/>
  <testcase name="myTest" time="0.406" classname="tests.CLMSR.ChangeBillCycle"/>
  <testcase name="myTest" time="0.405" classname="tests.CLMSR.ChangeBillCycle"/>
  <testcase name="myTest" time="0.41" classname="tests.CLMSR.ChangeBillCycle"/>
  <testcase name="myTest" time="0.404" classname="tests.CLMSR.ChangeBillCycle"/>
  <testcase name="myTest" time="0.417" classname="tests.CLMSR.ChangeBillCycle"/>
  <testcase name="myTest" time="0.405" classname="tests.CLMSR.ChangeBillCycle"/>
  <testcase name="myTest" time="0.421" classname="tests.CLMSR.ChangeBillCycle"/>
  <testcase name="myTest" time="0.406" classname="tests.CLMSR.ChangeBillCycle"/>
  <testcase name="myTest" time="0.411" classname="tests.CLMSR.ChangeBillCycle"/>
  <testcase name="myTest" time="0.412" classname="tests.CLMSR.ChangeBillCycle"/>
  <testcase name="myTest" time="0.405" classname="tests.CLMSR.ChangeBillCycle"/>
  <testcase name="myTest" time="0.412" classname="tests.CLMSR.ChangeBillCycle"/>
  <testcase name="myTest" time="0.407" classname="tests.CLMSR.ChangeBillCycle"/>
  <testcase name="myTest" time="0.407" classname="tests.CLMSR.ChangeBillCycle"/>
  <testcase name="myTest" time="0.407" classname="tests.CLMSR.ChangeBillCycle"/>
  <testcase name="myTest" time="0.409" classname="tests.CLMSR.ChangeBillCycle"/>
  <testcase name="myTest" time="0.406" classname="tests.CLMSR.ChangeBillCycle"/>
  <testcase name="myTest" time="0.414" classname="tests.CLMSR.ChangeBillCycle"/>
  <testcase name="myTest" time="0.406" classname="tests.CLMSR.ChangeBillCycle"/>
  <testcase name="myTest" time="0.41" classname="tests.CLMSR.ChangeBillCycle"/>
  <testcase name="myTest" time="0.412" classname="tests.CLMSR.ChangeBillCycle"/>
  <testcase name="myTest" time="0.404" classname="tests.CLMSR.ChangeBillCycle"/>
  <testcase name="myTest" time="0.409" classname="tests.CLMSR.ChangeBillCycle"/>
  <testcase name="myTest" time="0.411" classname="tests.CLMSR.ChangeBillCycle"/>
  <testcase name="myTest" time="0.403" classname="tests.CLMSR.ChangeBillCycle"/>
</testsuite> <!-- Change Bill Cycle -->
