<?xml version="1.0" encoding="UTF-8"?>
<!-- Generated by org.testng.reporters.JUnitXMLReporter -->
<testsuite hostname="BAVYSYAKI" name="Change Billing Language" tests="28" failures="0" timestamp="7 Nov 2014 04:06:21 GMT" time="11.301" errors="0">
  <testcase name="myTest" time="0.002" classname="tests.CLMSR.ChangeBillingLanguage"/>
  <testcase name="myTest" time="0.68" classname="tests.CLMSR.ChangeBillingLanguage"/>
  <testcase name="myTest" time="0.41" classname="tests.CLMSR.ChangeBillingLanguage"/>
  <testcase name="myTest" time="0.408" classname="tests.CLMSR.ChangeBillingLanguage"/>
  <testcase name="myTest" time="0.412" classname="tests.CLMSR.ChangeBillingLanguage"/>
  <testcase name="myTest" time="0.402" classname="tests.CLMSR.ChangeBillingLanguage"/>
  <testcase name="myTest" time="0.416" classname="tests.CLMSR.ChangeBillingLanguage"/>
  <testcase name="myTest" time="0.404" classname="tests.CLMSR.ChangeBillingLanguage"/>
  <testcase name="myTest" time="0.407" classname="tests.CLMSR.ChangeBillingLanguage"/>
  <testcase name="myTest" time="0.402" classname="tests.CLMSR.ChangeBillingLanguage"/>
  <testcase name="myTest" time="0.406" classname="tests.CLMSR.ChangeBillingLanguage"/>
  <testcase name="myTest" time="0.387" classname="tests.CLMSR.ChangeBillingLanguage"/>
  <testcase name="myTest" time="0.406" classname="tests.CLMSR.ChangeBillingLanguage"/>
  <testcase name="myTest" time="0.411" classname="tests.CLMSR.ChangeBillingLanguage"/>
  <testcase name="myTest" time="0.398" classname="tests.CLMSR.ChangeBillingLanguage"/>
  <testcase name="myTest" time="0.425" classname="tests.CLMSR.ChangeBillingLanguage"/>
  <testcase name="myTest" time="0.418" classname="tests.CLMSR.ChangeBillingLanguage"/>
  <testcase name="myTest" time="0.424" classname="tests.CLMSR.ChangeBillingLanguage"/>
  <testcase name="myTest" time="0.405" classname="tests.CLMSR.ChangeBillingLanguage"/>
  <testcase name="myTest" time="0.406" classname="tests.CLMSR.ChangeBillingLanguage"/>
  <testcase name="myTest" time="0.404" classname="tests.CLMSR.ChangeBillingLanguage"/>
  <testcase name="myTest" time="0.403" classname="tests.CLMSR.ChangeBillingLanguage"/>
  <testcase name="myTest" time="0.406" classname="tests.CLMSR.ChangeBillingLanguage"/>
  <testcase name="myTest" time="0.395" classname="tests.CLMSR.ChangeBillingLanguage"/>
  <testcase name="myTest" time="0.414" classname="tests.CLMSR.ChangeBillingLanguage"/>
  <testcase name="myTest" time="0.402" classname="tests.CLMSR.ChangeBillingLanguage"/>
  <testcase name="myTest" time="0.411" classname="tests.CLMSR.ChangeBillingLanguage"/>
  <testcase name="myTest" time="0.415" classname="tests.CLMSR.ChangeBillingLanguage"/>
</testsuite> <!-- Change Billing Language -->
