<?xml version="1.0" encoding="UTF-8"?>
<!-- Generated by org.testng.reporters.JUnitXMLReporter -->
<testsuite hostname="BAVYSYAKI" name="Change Billing Address" tests="88" failures="0" timestamp="7 Nov 2014 04:06:10 GMT" time="41.129" errors="0">
  <testcase name="myTest" time="0.009" classname="tests.CLMSR.ChangeBillingAddress"/>
  <testcase name="myTest" time="0.712" classname="tests.CLMSR.ChangeBillingAddress"/>
  <testcase name="myTest" time="0.526" classname="tests.CLMSR.ChangeBillingAddress"/>
  <testcase name="myTest" time="0.471" classname="tests.CLMSR.ChangeBillingAddress"/>
  <testcase name="myTest" time="0.465" classname="tests.CLMSR.ChangeBillingAddress"/>
  <testcase name="myTest" time="0.468" classname="tests.CLMSR.ChangeBillingAddress"/>
  <testcase name="myTest" time="0.457" classname="tests.CLMSR.ChangeBillingAddress"/>
  <testcase name="myTest" time="0.473" classname="tests.CLMSR.ChangeBillingAddress"/>
  <testcase name="myTest" time="0.465" classname="tests.CLMSR.ChangeBillingAddress"/>
  <testcase name="myTest" time="0.462" classname="tests.CLMSR.ChangeBillingAddress"/>
  <testcase name="myTest" time="0.461" classname="tests.CLMSR.ChangeBillingAddress"/>
  <testcase name="myTest" time="0.456" classname="tests.CLMSR.ChangeBillingAddress"/>
  <testcase name="myTest" time="0.513" classname="tests.CLMSR.ChangeBillingAddress"/>
  <testcase name="myTest" time="0.462" classname="tests.CLMSR.ChangeBillingAddress"/>
  <testcase name="myTest" time="0.464" classname="tests.CLMSR.ChangeBillingAddress"/>
  <testcase name="myTest" time="0.459" classname="tests.CLMSR.ChangeBillingAddress"/>
  <testcase name="myTest" time="0.469" classname="tests.CLMSR.ChangeBillingAddress"/>
  <testcase name="myTest" time="0.462" classname="tests.CLMSR.ChangeBillingAddress"/>
  <testcase name="myTest" time="0.449" classname="tests.CLMSR.ChangeBillingAddress"/>
  <testcase name="myTest" time="0.461" classname="tests.CLMSR.ChangeBillingAddress"/>
  <testcase name="myTest" time="0.466" classname="tests.CLMSR.ChangeBillingAddress"/>
  <testcase name="myTest" time="0.459" classname="tests.CLMSR.ChangeBillingAddress"/>
  <testcase name="myTest" time="0.467" classname="tests.CLMSR.ChangeBillingAddress"/>
  <testcase name="myTest" time="0.502" classname="tests.CLMSR.ChangeBillingAddress"/>
  <testcase name="myTest" time="0.456" classname="tests.CLMSR.ChangeBillingAddress"/>
  <testcase name="myTest" time="0.455" classname="tests.CLMSR.ChangeBillingAddress"/>
  <testcase name="myTest" time="0.454" classname="tests.CLMSR.ChangeBillingAddress"/>
  <testcase name="myTest" time="0.459" classname="tests.CLMSR.ChangeBillingAddress"/>
  <testcase name="myTest" time="0.45" classname="tests.CLMSR.ChangeBillingAddress"/>
  <testcase name="myTest" time="0.466" classname="tests.CLMSR.ChangeBillingAddress"/>
  <testcase name="myTest" time="0.454" classname="tests.CLMSR.ChangeBillingAddress"/>
  <testcase name="myTest" time="0.467" classname="tests.CLMSR.ChangeBillingAddress"/>
  <testcase name="myTest" time="0.464" classname="tests.CLMSR.ChangeBillingAddress"/>
  <testcase name="myTest" time="0.457" classname="tests.CLMSR.ChangeBillingAddress"/>
  <testcase name="myTest" time="0.517" classname="tests.CLMSR.ChangeBillingAddress"/>
  <testcase name="myTest" time="0.46" classname="tests.CLMSR.ChangeBillingAddress"/>
  <testcase name="myTest" time="0.461" classname="tests.CLMSR.ChangeBillingAddress"/>
  <testcase name="myTest" time="0.472" classname="tests.CLMSR.ChangeBillingAddress"/>
  <testcase name="myTest" time="0.461" classname="tests.CLMSR.ChangeBillingAddress"/>
  <testcase name="myTest" time="0.456" classname="tests.CLMSR.ChangeBillingAddress"/>
  <testcase name="myTest" time="0.455" classname="tests.CLMSR.ChangeBillingAddress"/>
  <testcase name="myTest" time="0.476" classname="tests.CLMSR.ChangeBillingAddress"/>
  <testcase name="myTest" time="0.454" classname="tests.CLMSR.ChangeBillingAddress"/>
  <testcase name="myTest" time="0.464" classname="tests.CLMSR.ChangeBillingAddress"/>
  <testcase name="myTest" time="0.473" classname="tests.CLMSR.ChangeBillingAddress"/>
  <testcase name="myTest" time="0.472" classname="tests.CLMSR.ChangeBillingAddress"/>
  <testcase name="myTest" time="0.538" classname="tests.CLMSR.ChangeBillingAddress"/>
  <testcase name="myTest" time="0.488" classname="tests.CLMSR.ChangeBillingAddress"/>
  <testcase name="myTest" time="0.466" classname="tests.CLMSR.ChangeBillingAddress"/>
  <testcase name="myTest" time="0.463" classname="tests.CLMSR.ChangeBillingAddress"/>
  <testcase name="myTest" time="0.461" classname="tests.CLMSR.ChangeBillingAddress"/>
  <testcase name="myTest" time="0.462" classname="tests.CLMSR.ChangeBillingAddress"/>
  <testcase name="myTest" time="0.472" classname="tests.CLMSR.ChangeBillingAddress"/>
  <testcase name="myTest" time="0.452" classname="tests.CLMSR.ChangeBillingAddress"/>
  <testcase name="myTest" time="0.453" classname="tests.CLMSR.ChangeBillingAddress"/>
  <testcase name="myTest" time="0.463" classname="tests.CLMSR.ChangeBillingAddress"/>
  <testcase name="myTest" time="0.456" classname="tests.CLMSR.ChangeBillingAddress"/>
  <testcase name="myTest" time="0.531" classname="tests.CLMSR.ChangeBillingAddress"/>
  <testcase name="myTest" time="0.455" classname="tests.CLMSR.ChangeBillingAddress"/>
  <testcase name="myTest" time="0.464" classname="tests.CLMSR.ChangeBillingAddress"/>
  <testcase name="myTest" time="0.454" classname="tests.CLMSR.ChangeBillingAddress"/>
  <testcase name="myTest" time="0.47" classname="tests.CLMSR.ChangeBillingAddress"/>
  <testcase name="myTest" time="0.464" classname="tests.CLMSR.ChangeBillingAddress"/>
  <testcase name="myTest" time="0.466" classname="tests.CLMSR.ChangeBillingAddress"/>
  <testcase name="myTest" time="0.474" classname="tests.CLMSR.ChangeBillingAddress"/>
  <testcase name="myTest" time="0.462" classname="tests.CLMSR.ChangeBillingAddress"/>
  <testcase name="myTest" time="0.466" classname="tests.CLMSR.ChangeBillingAddress"/>
  <testcase name="myTest" time="0.468" classname="tests.CLMSR.ChangeBillingAddress"/>
  <testcase name="myTest" time="0.533" classname="tests.CLMSR.ChangeBillingAddress"/>
  <testcase name="myTest" time="0.469" classname="tests.CLMSR.ChangeBillingAddress"/>
  <testcase name="myTest" time="0.508" classname="tests.CLMSR.ChangeBillingAddress"/>
  <testcase name="myTest" time="0.464" classname="tests.CLMSR.ChangeBillingAddress"/>
  <testcase name="myTest" time="0.466" classname="tests.CLMSR.ChangeBillingAddress"/>
  <testcase name="myTest" time="0.457" classname="tests.CLMSR.ChangeBillingAddress"/>
  <testcase name="myTest" time="0.467" classname="tests.CLMSR.ChangeBillingAddress"/>
  <testcase name="myTest" time="0.453" classname="tests.CLMSR.ChangeBillingAddress"/>
  <testcase name="myTest" time="0.483" classname="tests.CLMSR.ChangeBillingAddress"/>
  <testcase name="myTest" time="0.456" classname="tests.CLMSR.ChangeBillingAddress"/>
  <testcase name="myTest" time="0.465" classname="tests.CLMSR.ChangeBillingAddress"/>
  <testcase name="myTest" time="0.51" classname="tests.CLMSR.ChangeBillingAddress"/>
  <testcase name="myTest" time="0.484" classname="tests.CLMSR.ChangeBillingAddress"/>
  <testcase name="myTest" time="0.46" classname="tests.CLMSR.ChangeBillingAddress"/>
  <testcase name="myTest" time="0.465" classname="tests.CLMSR.ChangeBillingAddress"/>
  <testcase name="myTest" time="0.476" classname="tests.CLMSR.ChangeBillingAddress"/>
  <testcase name="myTest" time="0.458" classname="tests.CLMSR.ChangeBillingAddress"/>
  <testcase name="myTest" time="0.456" classname="tests.CLMSR.ChangeBillingAddress"/>
  <testcase name="myTest" time="0.489" classname="tests.CLMSR.ChangeBillingAddress"/>
  <testcase name="myTest" time="0.454" classname="tests.CLMSR.ChangeBillingAddress"/>
</testsuite> <!-- Change Billing Address -->
