<?xml version="1.0" encoding="UTF-8"?>
<testsuite name="TestSuite" time="84.468" tests="192" errors="0" skipped="0" failures="0">
  <properties>
[...]
</properties>
  <testcase name="myTest" classname="tests.CLMSR.ChangeBillDispatchMode" time="0.012"/>
  <testcase name="myTest" classname="tests.CLMSR.ChangeBillDispatchMode" time="1.191"/>
  <testcase name="myTest" classname="tests.CLMSR.ChangeBillDispatchMode" time="0.432"/>
  <testcase name="myTest" classname="tests.CLMSR.ChangeBillDispatchMode" time="0.437"/>
  <testcase name="myTest" classname="tests.CLMSR.ChangeBillDispatchMode" time="0.419"/>
  <testcase name="myTest" classname="tests.CLMSR.ChangeBillDispatchMode" time="0.43"/>
  <testcase name="myTest" classname="tests.CLMSR.ChangeBillDispatchMode" time="0.435"/>
  <testcase name="myTest" classname="tests.CLMSR.ChangeBillDispatchMode" time="0.429"/>
  <testcase name="myTest" classname="tests.CLMSR.ChangeBillDispatchMode" time="0.416"/>
  <testcase name="myTest" classname="tests.CLMSR.ChangeBillDispatchMode" time="0.429"/>
  <testcase name="myTest" classname="tests.CLMSR.ChangeBillDispatchMode" time="0.434"/>
  <testcase name="myTest" classname="tests.CLMSR.ChangeBillDispatchMode" time="0.438"/>
  <testcase name="myTest" classname="tests.CLMSR.ChangeBillDispatchMode" time="0.43"/>
  <testcase name="myTest" classname="tests.CLMSR.ChangeBillDispatchMode" time="0.421"/>
  <testcase name="myTest" classname="tests.CLMSR.ChangeBillDispatchMode" time="0.445"/>
  <testcase name="myTest" classname="tests.CLMSR.ChangeBillDispatchMode" time="0.415"/>
  <testcase name="myTest" classname="tests.CLMSR.ChangeBillDispatchMode" time="0.445"/>
  <testcase name="myTest" classname="tests.CLMSR.ChangeBillDispatchMode" time="0.456"/>
  <testcase name="myTest" classname="tests.CLMSR.ChangeBillDispatchMode" time="0.463"/>
  <testcase name="myTest" classname="tests.CLMSR.ChangeBillDispatchMode" time="0.435"/>
  <testcase name="myTest" classname="tests.CLMSR.ChangeBillDispatchMode" time="0.443"/>
  <testcase name="myTest" classname="tests.CLMSR.ChangeBillDispatchMode" time="0.449"/>
  <testcase name="myTest" classname="tests.CLMSR.ChangeBillDispatchMode" time="0.445"/>
  <testcase name="myTest" classname="tests.CLMSR.ChangeBillDispatchMode" time="0.441"/>
  <testcase name="myTest" classname="tests.CLMSR.ChangeBillDispatchMode" time="0.418"/>
  <testcase name="myTest" classname="tests.CLMSR.ChangeBillDispatchMode" time="0.417"/>
  <testcase name="myTest" classname="tests.CLMSR.ChangeBillDispatchMode" time="0.419"/>
  <testcase name="myTest" classname="tests.CLMSR.ChangeBillDispatchMode" time="0.432"/>
  <testcase name="myTest" classname="tests.CLMSR.ChangeBillDispatchMode" time="0.397"/>
  <testcase name="myTest" classname="tests.CLMSR.ChangeBillDispatchMode" time="0.427"/>
  <testcase name="myTest" classname="tests.CLMSR.ChangeBillDispatchMode" time="0.428"/>
  <testcase name="myTest" classname="tests.CLMSR.ChangeBillDispatchMode" time="0.417"/>
  <testcase name="myTest" classname="tests.CLMSR.ChangeBillDispatchMode" time="0.42"/>
  <testcase name="myTest" classname="tests.CLMSR.ChangeBillDispatchMode" time="0.42"/>
  <testcase name="myTest" classname="tests.CLMSR.ChangeBillDispatchMode" time="0.436"/>
  <testcase name="myTest" classname="tests.CLMSR.ChangeBillDispatchMode" time="0.407"/>
  <testcase name="myTest" classname="tests.CLMSR.ChangeBillDispatchMode" time="0.464"/>
  <testcase name="myTest" classname="tests.CLMSR.ChangeBillDispatchMode" time="0.37"/>
  <testcase name="myTest" classname="tests.CLMSR.ChangeBillDispatchMode" time="0.421"/>
  <testcase name="myTest" classname="tests.CLMSR.ChangeBillDispatchMode" time="0.442"/>
  <testcase name="myTest" classname="tests.CLMSR.ChangeBillDispatchMode" time="0.418"/>
  <testcase name="myTest" classname="tests.CLMSR.ChangeBillDispatchMode" time="0.424"/>
  <testcase name="myTest" classname="tests.CLMSR.ChangeBillDispatchMode" time="0.42"/>
  <testcase name="myTest" classname="tests.CLMSR.ChangeBillDispatchMode" time="0.415"/>
  <testcase name="myTest" classname="tests.CLMSR.ChangeBillCycle" time="0.003"/>
  <testcase name="myTest" classname="tests.CLMSR.ChangeBillCycle" time="0.617"/>
  <testcase name="myTest" classname="tests.CLMSR.ChangeBillCycle" time="0.417"/>
  <testcase name="myTest" classname="tests.CLMSR.ChangeBillCycle" time="0.411"/>
  <testcase name="myTest" classname="tests.CLMSR.ChangeBillCycle" time="0.407"/>
  <testcase name="myTest" classname="tests.CLMSR.ChangeBillCycle" time="0.413"/>
  <testcase name="myTest" classname="tests.CLMSR.ChangeBillCycle" time="0.411"/>
  <testcase name="myTest" classname="tests.CLMSR.ChangeBillCycle" time="0.405"/>
  <testcase name="myTest" classname="tests.CLMSR.ChangeBillCycle" time="0.405"/>
  <testcase name="myTest" classname="tests.CLMSR.ChangeBillCycle" time="0.41"/>
  <testcase name="myTest" classname="tests.CLMSR.ChangeBillCycle" time="0.406"/>
  <testcase name="myTest" classname="tests.CLMSR.ChangeBillCycle" time="0.415"/>
  <testcase name="myTest" classname="tests.CLMSR.ChangeBillCycle" time="0.427"/>
  <testcase name="myTest" classname="tests.CLMSR.ChangeBillCycle" time="0.399"/>
  <testcase name="myTest" classname="tests.CLMSR.ChangeBillCycle" time="0.405"/>
  <testcase name="myTest" classname="tests.CLMSR.ChangeBillCycle" time="0.411"/>
  <testcase name="myTest" classname="tests.CLMSR.ChangeBillCycle" time="0.413"/>
  <testcase name="myTest" classname="tests.CLMSR.ChangeBillCycle" time="0.406"/>
  <testcase name="myTest" classname="tests.CLMSR.ChangeBillCycle" time="0.412"/>
  <testcase name="myTest" classname="tests.CLMSR.ChangeBillCycle" time="0.41"/>
  <testcase name="myTest" classname="tests.CLMSR.ChangeBillCycle" time="0.416"/>
  <testcase name="myTest" classname="tests.CLMSR.ChangeBillCycle" time="0.397"/>
  <testcase name="myTest" classname="tests.CLMSR.ChangeBillCycle" time="0.408"/>
  <testcase name="myTest" classname="tests.CLMSR.ChangeBillCycle" time="0.406"/>
  <testcase name="myTest" classname="tests.CLMSR.ChangeBillCycle" time="0.415"/>
  <testcase name="myTest" classname="tests.CLMSR.ChangeBillCycle" time="0.406"/>
  <testcase name="myTest" classname="tests.CLMSR.ChangeBillCycle" time="0.41"/>
  <testcase name="myTest" classname="tests.CLMSR.ChangeBillCycle" time="0.412"/>
  <testcase name="myTest" classname="tests.CLMSR.ChangeBillCycle" time="0.433"/>
  <testcase name="myTest" classname="tests.CLMSR.ChangeBillCycle" time="0.379"/>
  <testcase name="myTest" classname="tests.CLMSR.ChangeBillCycle" time="0.413"/>
  <testcase name="myTest" classname="tests.CLMSR.ChangeBillCycle" time="0.4"/>
  <testcase name="myTest" classname="tests.CLMSR.ChangeBillingAddress" time="0.028"/>
  <testcase name="myTest" classname="tests.CLMSR.ChangeBillingAddress" time="0.694"/>
  <testcase name="myTest" classname="tests.CLMSR.ChangeBillingAddress" time="0.526"/>
  <testcase name="myTest" classname="tests.CLMSR.ChangeBillingAddress" time="0.471"/>
  <testcase name="myTest" classname="tests.CLMSR.ChangeBillingAddress" time="0.464"/>
  <testcase name="myTest" classname="tests.CLMSR.ChangeBillingAddress" time="0.469"/>
  <testcase name="myTest" classname="tests.CLMSR.ChangeBillingAddress" time="0.458"/>
  <testcase name="myTest" classname="tests.CLMSR.ChangeBillingAddress" time="0.472"/>
  <testcase name="myTest" classname="tests.CLMSR.ChangeBillingAddress" time="0.464"/>
  <testcase name="myTest" classname="tests.CLMSR.ChangeBillingAddress" time="0.463"/>
  <testcase name="myTest" classname="tests.CLMSR.ChangeBillingAddress" time="0.462"/>
  <testcase name="myTest" classname="tests.CLMSR.ChangeBillingAddress" time="0.456"/>
  <testcase name="myTest" classname="tests.CLMSR.ChangeBillingAddress" time="0.512"/>
  <testcase name="myTest" classname="tests.CLMSR.ChangeBillingAddress" time="0.461"/>
  <testcase name="myTest" classname="tests.CLMSR.ChangeBillingAddress" time="0.465"/>
  <testcase name="myTest" classname="tests.CLMSR.ChangeBillingAddress" time="0.46"/>
  <testcase name="myTest" classname="tests.CLMSR.ChangeBillingAddress" time="0.47"/>
  <testcase name="myTest" classname="tests.CLMSR.ChangeBillingAddress" time="0.46"/>
  <testcase name="myTest" classname="tests.CLMSR.ChangeBillingAddress" time="0.45"/>
  <testcase name="myTest" classname="tests.CLMSR.ChangeBillingAddress" time="0.462"/>
  <testcase name="myTest" classname="tests.CLMSR.ChangeBillingAddress" time="0.466"/>
  <testcase name="myTest" classname="tests.CLMSR.ChangeBillingAddress" time="0.46"/>
  <testcase name="myTest" classname="tests.CLMSR.ChangeBillingAddress" time="0.468"/>
  <testcase name="myTest" classname="tests.CLMSR.ChangeBillingAddress" time="0.502"/>
  <testcase name="myTest" classname="tests.CLMSR.ChangeBillingAddress" time="0.456"/>
  <testcase name="myTest" classname="tests.CLMSR.ChangeBillingAddress" time="0.456"/>
  <testcase name="myTest" classname="tests.CLMSR.ChangeBillingAddress" time="0.453"/>
  <testcase name="myTest" classname="tests.CLMSR.ChangeBillingAddress" time="0.459"/>
  <testcase name="myTest" classname="tests.CLMSR.ChangeBillingAddress" time="0.45"/>
  <testcase name="myTest" classname="tests.CLMSR.ChangeBillingAddress" time="0.465"/>
  <testcase name="myTest" classname="tests.CLMSR.ChangeBillingAddress" time="0.454"/>
  <testcase name="myTest" classname="tests.CLMSR.ChangeBillingAddress" time="0.467"/>
  <testcase name="myTest" classname="tests.CLMSR.ChangeBillingAddress" time="0.465"/>
  <testcase name="myTest" classname="tests.CLMSR.ChangeBillingAddress" time="0.457"/>
  <testcase name="myTest" classname="tests.CLMSR.ChangeBillingAddress" time="0.516"/>
  <testcase name="myTest" classname="tests.CLMSR.ChangeBillingAddress" time="0.459"/>
  <testcase name="myTest" classname="tests.CLMSR.ChangeBillingAddress" time="0.46"/>
  <testcase name="myTest" classname="tests.CLMSR.ChangeBillingAddress" time="0.474"/>
  <testcase name="myTest" classname="tests.CLMSR.ChangeBillingAddress" time="0.46"/>
  <testcase name="myTest" classname="tests.CLMSR.ChangeBillingAddress" time="0.456"/>
  <testcase name="myTest" classname="tests.CLMSR.ChangeBillingAddress" time="0.455"/>
  <testcase name="myTest" classname="tests.CLMSR.ChangeBillingAddress" time="0.496"/>
  <testcase name="myTest" classname="tests.CLMSR.ChangeBillingAddress" time="0.432"/>
  <testcase name="myTest" classname="tests.CLMSR.ChangeBillingAddress" time="0.465"/>
  <testcase name="myTest" classname="tests.CLMSR.ChangeBillingAddress" time="0.472"/>
  <testcase name="myTest" classname="tests.CLMSR.ChangeBillingAddress" time="0.492"/>
  <testcase name="myTest" classname="tests.CLMSR.ChangeBillingAddress" time="0.529"/>
  <testcase name="myTest" classname="tests.CLMSR.ChangeBillingAddress" time="0.478"/>
  <testcase name="myTest" classname="tests.CLMSR.ChangeBillingAddress" time="0.467"/>
  <testcase name="myTest" classname="tests.CLMSR.ChangeBillingAddress" time="0.471"/>
  <testcase name="myTest" classname="tests.CLMSR.ChangeBillingAddress" time="0.454"/>
  <testcase name="myTest" classname="tests.CLMSR.ChangeBillingAddress" time="0.462"/>
  <testcase name="myTest" classname="tests.CLMSR.ChangeBillingAddress" time="0.472"/>
  <testcase name="myTest" classname="tests.CLMSR.ChangeBillingAddress" time="0.451"/>
  <testcase name="myTest" classname="tests.CLMSR.ChangeBillingAddress" time="0.455"/>
  <testcase name="myTest" classname="tests.CLMSR.ChangeBillingAddress" time="0.462"/>
  <testcase name="myTest" classname="tests.CLMSR.ChangeBillingAddress" time="0.456"/>
  <testcase name="myTest" classname="tests.CLMSR.ChangeBillingAddress" time="0.532"/>
  <testcase name="myTest" classname="tests.CLMSR.ChangeBillingAddress" time="0.456"/>
  <testcase name="myTest" classname="tests.CLMSR.ChangeBillingAddress" time="0.464"/>
  <testcase name="myTest" classname="tests.CLMSR.ChangeBillingAddress" time="0.505"/>
  <testcase name="myTest" classname="tests.CLMSR.ChangeBillingAddress" time="0.417"/>
  <testcase name="myTest" classname="tests.CLMSR.ChangeBillingAddress" time="0.464"/>
  <testcase name="myTest" classname="tests.CLMSR.ChangeBillingAddress" time="0.465"/>
  <testcase name="myTest" classname="tests.CLMSR.ChangeBillingAddress" time="0.493"/>
  <testcase name="myTest" classname="tests.CLMSR.ChangeBillingAddress" time="0.444"/>
  <testcase name="myTest" classname="tests.CLMSR.ChangeBillingAddress" time="0.467"/>
  <testcase name="myTest" classname="tests.CLMSR.ChangeBillingAddress" time="0.467"/>
  <testcase name="myTest" classname="tests.CLMSR.ChangeBillingAddress" time="0.534"/>
  <testcase name="myTest" classname="tests.CLMSR.ChangeBillingAddress" time="0.467"/>
  <testcase name="myTest" classname="tests.CLMSR.ChangeBillingAddress" time="0.508"/>
  <testcase name="myTest" classname="tests.CLMSR.ChangeBillingAddress" time="0.464"/>
  <testcase name="myTest" classname="tests.CLMSR.ChangeBillingAddress" time="0.465"/>
  <testcase name="myTest" classname="tests.CLMSR.ChangeBillingAddress" time="0.461"/>
  <testcase name="myTest" classname="tests.CLMSR.ChangeBillingAddress" time="0.463"/>
  <testcase name="myTest" classname="tests.CLMSR.ChangeBillingAddress" time="0.453"/>
  <testcase name="myTest" classname="tests.CLMSR.ChangeBillingAddress" time="0.483"/>
  <testcase name="myTest" classname="tests.CLMSR.ChangeBillingAddress" time="0.457"/>
  <testcase name="myTest" classname="tests.CLMSR.ChangeBillingAddress" time="0.465"/>
  <testcase name="myTest" classname="tests.CLMSR.ChangeBillingAddress" time="0.51"/>
  <testcase name="myTest" classname="tests.CLMSR.ChangeBillingAddress" time="0.485"/>
  <testcase name="myTest" classname="tests.CLMSR.ChangeBillingAddress" time="0.46"/>
  <testcase name="myTest" classname="tests.CLMSR.ChangeBillingAddress" time="0.466"/>
  <testcase name="myTest" classname="tests.CLMSR.ChangeBillingAddress" time="0.476"/>
  <testcase name="myTest" classname="tests.CLMSR.ChangeBillingAddress" time="0.458"/>
  <testcase name="myTest" classname="tests.CLMSR.ChangeBillingAddress" time="0.461"/>
  <testcase name="myTest" classname="tests.CLMSR.ChangeBillingAddress" time="0.484"/>
  <testcase name="myTest" classname="tests.CLMSR.ChangeBillingAddress" time="0.455"/>
  <testcase name="myTest" classname="tests.CLMSR.ChangeBillingLanguage" time="0.003"/>
  <testcase name="myTest" classname="tests.CLMSR.ChangeBillingLanguage" time="0.681"/>
  <testcase name="myTest" classname="tests.CLMSR.ChangeBillingLanguage" time="0.411"/>
  <testcase name="myTest" classname="tests.CLMSR.ChangeBillingLanguage" time="0.408"/>
  <testcase name="myTest" classname="tests.CLMSR.ChangeBillingLanguage" time="0.412"/>
  <testcase name="myTest" classname="tests.CLMSR.ChangeBillingLanguage" time="0.401"/>
  <testcase name="myTest" classname="tests.CLMSR.ChangeBillingLanguage" time="0.416"/>
  <testcase name="myTest" classname="tests.CLMSR.ChangeBillingLanguage" time="0.403"/>
  <testcase name="myTest" classname="tests.CLMSR.ChangeBillingLanguage" time="0.407"/>
  <testcase name="myTest" classname="tests.CLMSR.ChangeBillingLanguage" time="0.401"/>
  <testcase name="myTest" classname="tests.CLMSR.ChangeBillingLanguage" time="0.406"/>
  <testcase name="myTest" classname="tests.CLMSR.ChangeBillingLanguage" time="0.387"/>
  <testcase name="myTest" classname="tests.CLMSR.ChangeBillingLanguage" time="0.407"/>
  <testcase name="myTest" classname="tests.CLMSR.ChangeBillingLanguage" time="0.412"/>
  <testcase name="myTest" classname="tests.CLMSR.ChangeBillingLanguage" time="0.397"/>
  <testcase name="myTest" classname="tests.CLMSR.ChangeBillingLanguage" time="0.424"/>
  <testcase name="myTest" classname="tests.CLMSR.ChangeBillingLanguage" time="0.418"/>
  <testcase name="myTest" classname="tests.CLMSR.ChangeBillingLanguage" time="0.425"/>
  <testcase name="myTest" classname="tests.CLMSR.ChangeBillingLanguage" time="0.406"/>
  <testcase name="myTest" classname="tests.CLMSR.ChangeBillingLanguage" time="0.404"/>
  <testcase name="myTest" classname="tests.CLMSR.ChangeBillingLanguage" time="0.404"/>
  <testcase name="myTest" classname="tests.CLMSR.ChangeBillingLanguage" time="0.404"/>
  <testcase name="myTest" classname="tests.CLMSR.ChangeBillingLanguage" time="0.406"/>
  <testcase name="myTest" classname="tests.CLMSR.ChangeBillingLanguage" time="0.396"/>
  <testcase name="myTest" classname="tests.CLMSR.ChangeBillingLanguage" time="0.413"/>
  <testcase name="myTest" classname="tests.CLMSR.ChangeBillingLanguage" time="0.403"/>
  <testcase name="myTest" classname="tests.CLMSR.ChangeBillingLanguage" time="0.411"/>
  <testcase name="myTest" classname="tests.CLMSR.ChangeBillingLanguage" time="0.414"/>
</testsuite>